Arguments: 
  C:\Program Files\nodejs\node.exe C:\Users\snoopy\AppData\Roaming\npm\node_modules\yarn\bin\yarn.js add sequelize

PATH: 
  C:\Program Files (x86)\NetSarang\Xlpd 6\;C:\Program Files (x86)\NetSarang\Xshell 6\;C:\Program Files (x86)\NetSarang\Xmanager 6\;C:\WINDOWS\system32;C:\WINDOWS;C:\WINDOWS\System32\Wbem;C:\WINDOWS\System32\WindowsPowerShell\v1.0\;C:\WINDOWS\System32\OpenSSH\;C:\Program Files (x86)\Intel\Intel(R) Management Engine Components\DAL;C:\Program Files\Intel\Intel(R) Management Engine Components\DAL;C:\Program Files\TortoiseSVN\bin;C:\Program Files\PowerShell\7\;C:\Program Files\Git\cmd;C:\Users\snoopy\AppData\Roaming\nvm;C:\Program Files\nodejs;;C:\Program Files\Docker\Docker\resources\bin;C:\ProgramData\DockerDesktop\version-bin;C:\Users\snoopy\AppData\Local\Microsoft\WindowsApps;C:\Users\snoopy\AppData\Local\Programs\Microsoft VS Code\bin;C:\Users\snoopy\AppData\Local\Programs\Fiddler;C:\Users\snoopy\AppData\Roaming\nvm;C:\Program Files\nodejs;C:\Users\snoopy\AppData\Local\Microsoft\WindowsApps;C:\Users\snoopy\AppData\Roaming\npm

Yarn version: 
  1.22.4

Node version: 
  14.16.0

Platform: 
  win32 x64

Trace: 
  Error: https://registry.npm.taobao.org/sequelize: tunneling socket could not be established, cause=connect ECONNREFUSED 127.0.0.1:1181
      at ClientRequest.onError (C:\Users\snoopy\AppData\Roaming\npm\node_modules\yarn\lib\cli.js:152234:17)
      at Object.onceWrapper (events.js:422:26)
      at ClientRequest.emit (events.js:315:20)
      at Socket.socketErrorListener (_http_client.js:469:9)
      at Socket.emit (events.js:315:20)
      at emitErrorNT (internal/streams/destroy.js:106:8)
      at emitErrorCloseNT (internal/streams/destroy.js:74:3)
      at processTicksAndRejections (internal/process/task_queues.js:80:21)

npm manifest: 
  {
    "name": "node-study",
    "version": "1.0.0",
    "description": "",
    "main": "index.js",
    "scripts": {
      "test": "echo \"Error: no test specified\" && exit 1"
    },
    "repository": {
      "type": "git",
      "url": "git+https://github.com/224137748/node-study.git"
    },
    "keywords": [],
    "author": "",
    "license": "ISC",
    "bugs": {
      "url": "https://github.com/224137748/node-study/issues"
    },
    "homepage": "https://github.com/224137748/node-study#readme",
    "dependencies": {
      "axios": "^0.21.1",
      "body-parser": "^1.19.0",
      "co-redis": "^2.1.1",
      "express": "^4.17.1",
      "jsonwebtoken": "^8.5.1",
      "koa": "^2.13.1",
      "koa-bodyparser": "^4.3.0",
      "koa-jwt": "^4.0.1",
      "koa-redis": "^4.0.1",
      "koa-router": "^10.0.0",
      "koa-session": "^6.2.0",
      "koa-static": "^5.0.0",
      "koa2-cors": "^2.0.6",
      "mongo": "^0.1.0",
      "mongoose": "^5.12.7",
      "querystring": "^0.2.1",
      "redis": "^3.1.2",
      "socket.io": "^4.0.1"
    }
  }

yarn manifest: 
  No manifest

Lockfile: 
  # THIS IS AN AUTOGENERATED FILE. DO NOT EDIT THIS FILE DIRECTLY.
  # yarn lockfile v1
  
  
  "@babel/runtime@^7.8.3":
    version "7.14.0"
    resolved "https://registry.nlark.com/@babel/runtime/download/@babel/runtime-7.14.0.tgz?cache=0&sync_timestamp=1619727501090&other_urls=https%3A%2F%2Fregistry.nlark.com%2F%40babel%2Fruntime%2Fdownload%2F%40babel%2Fruntime-7.14.0.tgz#46794bc20b612c5f75e62dd071e24dfd95f1cbe6"
    integrity sha1-RnlLwgthLF915i3QceJN/ZXxy+Y=
    dependencies:
      regenerator-runtime "^0.13.4"
  
  "@types/bson@*":
    version "4.0.3"
    resolved "https://registry.npm.taobao.org/@types/bson/download/@types/bson-4.0.3.tgz?cache=0&sync_timestamp=1613378287809&other_urls=https%3A%2F%2Fregistry.npm.taobao.org%2F%40types%2Fbson%2Fdownload%2F%40types%2Fbson-4.0.3.tgz#30889d2ffde6262abbe38659364c631454999fbf"
    integrity sha1-MIidL/3mJiq744ZZNkxjFFSZn78=
    dependencies:
      "@types/node" "*"
  
  "@types/component-emitter@^1.2.10":
    version "1.2.10"
    resolved "https://registry.npm.taobao.org/@types/component-emitter/download/@types/component-emitter-1.2.10.tgz?cache=0&sync_timestamp=1613378698401&other_urls=https%3A%2F%2Fregistry.npm.taobao.org%2F%40types%2Fcomponent-emitter%2Fdownload%2F%40types%2Fcomponent-emitter-1.2.10.tgz#ef5b1589b9f16544642e473db5ea5639107ef3ea"
    integrity sha1-71sVibnxZURkLkc9tepWORB+8+o=
  
  "@types/cookie@^0.4.0":
    version "0.4.0"
    resolved "https://registry.npm.taobao.org/@types/cookie/download/@types/cookie-0.4.0.tgz#14f854c0f93d326e39da6e3b6f34f7d37513d108"
    integrity sha1-FPhUwPk9Mm452m47bzT303UT0Qg=
  
  "@types/cors@^2.8.8":
    version "2.8.10"
    resolved "https://registry.npm.taobao.org/@types/cors/download/@types/cors-2.8.10.tgz#61cc8469849e5bcdd0c7044122265c39cec10cf4"
    integrity sha1-YcyEaYSeW83QxwRBIiZcOc7BDPQ=
  
  "@types/mongodb@^3.5.27":
    version "3.6.12"
    resolved "https://registry.npm.taobao.org/@types/mongodb/download/@types/mongodb-3.6.12.tgz?cache=0&sync_timestamp=1617618714144&other_urls=https%3A%2F%2Fregistry.npm.taobao.org%2F%40types%2Fmongodb%2Fdownload%2F%40types%2Fmongodb-3.6.12.tgz#727960d34f35054d2f2ce68909e16094f742d935"
    integrity sha1-cnlg0081BU0vLOaJCeFglPdC2TU=
    dependencies:
      "@types/bson" "*"
      "@types/node" "*"
  
  "@types/node@*", "@types/node@>=10.0.0":
    version "15.0.2"
    resolved "https://registry.nlark.com/@types/node/download/@types/node-15.0.2.tgz#51e9c0920d1b45936ea04341aa3e2e58d339fb67"
    integrity sha1-UenAkg0bRZNuoENBqj4uWNM5+2c=
  
  accepts@^1.3.5, accepts@~1.3.4, accepts@~1.3.7:
    version "1.3.7"
    resolved "https://registry.npm.taobao.org/accepts/download/accepts-1.3.7.tgz#531bc726517a3b2b41f850021c6cc15eaab507cd"
    integrity sha1-UxvHJlF6OytB+FACHGzBXqq1B80=
    dependencies:
      mime-types "~2.1.24"
      negotiator "0.6.2"
  
  aggregate-error@^3.0.0:
    version "3.1.0"
    resolved "https://registry.npm.taobao.org/aggregate-error/download/aggregate-error-3.1.0.tgz#92670ff50f5359bdb7a3e0d40d0ec30c5737687a"
    integrity sha1-kmcP9Q9TWb23o+DUDQ7DDFc3aHo=
    dependencies:
      clean-stack "^2.0.0"
      indent-string "^4.0.0"
  
  any-promise@^1.1.0:
    version "1.3.0"
    resolved "https://registry.npm.taobao.org/any-promise/download/any-promise-1.3.0.tgz?cache=0&sync_timestamp=1589682733115&other_urls=https%3A%2F%2Fregistry.npm.taobao.org%2Fany-promise%2Fdownload%2Fany-promise-1.3.0.tgz#abc6afeedcea52e809cdc0376aed3ce39635d17f"
    integrity sha1-q8av7tzqUugJzcA3au0845Y10X8=
  
  array-flatten@1.1.1:
    version "1.1.1"
    resolved "https://registry.npm.taobao.org/array-flatten/download/array-flatten-1.1.1.tgz#9a5f699051b1e7073328f2a008968b64ea2955d2"
    integrity sha1-ml9pkFGx5wczKPKgCJaLZOopVdI=
  
  axios@^0.21.1:
    version "0.21.1"
    resolved "https://registry.npm.taobao.org/axios/download/axios-0.21.1.tgz?cache=0&sync_timestamp=1608609215811&other_urls=https%3A%2F%2Fregistry.npm.taobao.org%2Faxios%2Fdownload%2Faxios-0.21.1.tgz#22563481962f4d6bde9a76d516ef0e5d3c09b2b8"
    integrity sha1-IlY0gZYvTWvemnbVFu8OXTwJsrg=
    dependencies:
      follow-redirects "^1.10.0"
  
  base64-arraybuffer@0.1.4:
    version "0.1.4"
    resolved "https://registry.npm.taobao.org/base64-arraybuffer/download/base64-arraybuffer-0.1.4.tgz?cache=0&sync_timestamp=1586263725228&other_urls=https%3A%2F%2Fregistry.npm.taobao.org%2Fbase64-arraybuffer%2Fdownload%2Fbase64-arraybuffer-0.1.4.tgz#9818c79e059b1355f97e0428a017c838e90ba812"
    integrity sha1-mBjHngWbE1X5fgQooBfIOOkLqBI=
  
  base64-js@^1.3.1:
    version "1.5.1"
    resolved "https://registry.npm.taobao.org/base64-js/download/base64-js-1.5.1.tgz#1b1b440160a5bf7ad40b650f095963481903930a"
    integrity sha1-GxtEAWClv3rUC2UPCVljSBkDkwo=
  
  base64id@2.0.0, base64id@~2.0.0:
    version "2.0.0"
    resolved "https://registry.npm.taobao.org/base64id/download/base64id-2.0.0.tgz#2770ac6bc47d312af97a8bf9a634342e0cd25cb6"
    integrity sha1-J3Csa8R9MSr5eov5pjQ0LgzSXLY=
  
  bl@^2.2.1:
    version "2.2.1"
    resolved "https://registry.npm.taobao.org/bl/download/bl-2.2.1.tgz#8c11a7b730655c5d56898cdc871224f40fd901d5"
    integrity sha1-jBGntzBlXF1WiYzchxIk9A/ZAdU=
    dependencies:
      readable-stream "^2.3.5"
      safe-buffer "^5.1.1"
  
  bluebird@3.5.1:
    version "3.5.1"
    resolved "https://registry.npm.taobao.org/bluebird/download/bluebird-3.5.1.tgz#d9551f9de98f1fcda1e683d17ee91a0602ee2eb9"
    integrity sha1-2VUfnemPH82h5oPRfukaBgLuLrk=
  
  body-parser@1.19.0, body-parser@^1.19.0:
    version "1.19.0"
    resolved "https://registry.npm.taobao.org/body-parser/download/body-parser-1.19.0.tgz#96b2709e57c9c4e09a6fd66a8fd979844f69f08a"
    integrity sha1-lrJwnlfJxOCab9Zqj9l5hE9p8Io=
    dependencies:
      bytes "3.1.0"
      content-type "~1.0.4"
      debug "2.6.9"
      depd "~1.1.2"
      http-errors "1.7.2"
      iconv-lite "0.4.24"
      on-finished "~2.3.0"
      qs "6.7.0"
      raw-body "2.4.0"
      type-is "~1.6.17"
  
  bson@^1.1.4:
    version "1.1.6"
    resolved "https://registry.npm.taobao.org/bson/download/bson-1.1.6.tgz#fb819be9a60cd677e0853aee4ca712a785d6618a"
    integrity sha1-+4Gb6aYM1nfghTruTKcSp4XWYYo=
  
  buffer-equal-constant-time@1.0.1:
    version "1.0.1"
    resolved "https://registry.npm.taobao.org/buffer-equal-constant-time/download/buffer-equal-constant-time-1.0.1.tgz#f8e71132f7ffe6e01a5c9697a4c6f3e48d5cc819"
    integrity sha1-+OcRMvf/5uAaXJaXpMbz5I1cyBk=
  
  buffer@^5.1.0:
    version "5.7.1"
    resolved "https://registry.npm.taobao.org/buffer/download/buffer-5.7.1.tgz?cache=0&sync_timestamp=1606098078312&other_urls=https%3A%2F%2Fregistry.npm.taobao.org%2Fbuffer%2Fdownload%2Fbuffer-5.7.1.tgz#ba62e7c13133053582197160851a8f648e99eed0"
    integrity sha1-umLnwTEzBTWCGXFghRqPZI6Z7tA=
    dependencies:
      base64-js "^1.3.1"
      ieee754 "^1.1.13"
  
  bytes@3.1.0:
    version "3.1.0"
    resolved "https://registry.npm.taobao.org/bytes/download/bytes-3.1.0.tgz#f6cf7933a360e0588fa9fde85651cdc7f805d1f6"
    integrity sha1-9s95M6Ng4FiPqf3oVlHNx/gF0fY=
  
  cache-content-type@^1.0.0:
    version "1.0.1"
    resolved "https://registry.npm.taobao.org/cache-content-type/download/cache-content-type-1.0.1.tgz#035cde2b08ee2129f4a8315ea8f00a00dba1453c"
    integrity sha1-A1zeKwjuISn0qDFeqPAKANuhRTw=
    dependencies:
      mime-types "^2.1.18"
      ylru "^1.2.0"
  
  call-bind@^1.0.0:
    version "1.0.2"
    resolved "https://registry.npm.taobao.org/call-bind/download/call-bind-1.0.2.tgz#b1d4e89e688119c3c9a903ad30abb2f6a919be3c"
    integrity sha1-sdTonmiBGcPJqQOtMKuy9qkZvjw=
    dependencies:
      function-bind "^1.1.1"
      get-intrinsic "^1.0.2"
  
  clean-stack@^2.0.0:
    version "2.2.0"
    resolved "https://registry.npm.taobao.org/clean-stack/download/clean-stack-2.2.0.tgz#ee8472dbb129e727b31e8a10a427dee9dfe4008b"
    integrity sha1-7oRy27Ep5yezHooQpCfe6d/kAIs=
  
  cluster-key-slot@^1.1.0:
    version "1.1.0"
    resolved "https://registry.npm.taobao.org/cluster-key-slot/download/cluster-key-slot-1.1.0.tgz#30474b2a981fb12172695833052bc0d01336d10d"
    integrity sha1-MEdLKpgfsSFyaVgzBSvA0BM20Q0=
  
  co-body@^6.0.0:
    version "6.1.0"
    resolved "https://registry.npm.taobao.org/co-body/download/co-body-6.1.0.tgz#d87a8efc3564f9bfe3aced8ef5cd04c7a8766547"
    integrity sha1-2HqO/DVk+b/jrO2O9c0Ex6h2ZUc=
    dependencies:
      inflation "^2.0.0"
      qs "^6.5.2"
      raw-body "^2.3.3"
      type-is "^1.6.16"
  
  co-redis@^2.1.1:
    version "2.1.1"
    resolved "https://registry.npm.taobao.org/co-redis/download/co-redis-2.1.1.tgz#8bc3717977c9ee5bfb6b28f39ae01bcf724d2dde"
    integrity sha1-i8NxeXfJ7lv7ayjzmuAbz3JNLd4=
    dependencies:
      es6-promisify "^4.1.0"
  
  co-wrap-all@^1.0.0:
    version "1.0.0"
    resolved "https://registry.npm.taobao.org/co-wrap-all/download/co-wrap-all-1.0.0.tgz#370ae3e8333510a53f6b2f7fdfbe4568a11b7ecf"
    integrity sha1-Nwrj6DM1EKU/ay9/375FaKEbfs8=
    dependencies:
      co "^4.0.0"
  
  co@^4.0.0, co@^4.6.0:
    version "4.6.0"
    resolved "https://registry.npm.taobao.org/co/download/co-4.6.0.tgz#6ea6bdf3d853ae54ccb8e47bfa0bf3f9031fb184"
    integrity sha1-bqa989hTrlTMuOR7+gvz+QMfsYQ=
  
  component-emitter@~1.3.0:
    version "1.3.0"
    resolved "https://registry.npm.taobao.org/component-emitter/download/component-emitter-1.3.0.tgz#16e4070fba8ae29b679f2215853ee181ab2eabc0"
    integrity sha1-FuQHD7qK4ptnnyIVhT7hgasuq8A=
  
  content-disposition@0.5.3, content-disposition@~0.5.2:
    version "0.5.3"
    resolved "https://registry.npm.taobao.org/content-disposition/download/content-disposition-0.5.3.tgz#e130caf7e7279087c5616c2007d0485698984fbd"
    integrity sha1-4TDK9+cnkIfFYWwgB9BIVpiYT70=
    dependencies:
      safe-buffer "5.1.2"
  
  content-type@^1.0.4, content-type@~1.0.4:
    version "1.0.4"
    resolved "https://registry.npm.taobao.org/content-type/download/content-type-1.0.4.tgz#e138cc75e040c727b1966fe5e5f8c9aee256fe3b"
    integrity sha1-4TjMdeBAxyexlm/l5fjJruJW/js=
  
  cookie-signature@1.0.6:
    version "1.0.6"
    resolved "https://registry.npm.taobao.org/cookie-signature/download/cookie-signature-1.0.6.tgz#e303a882b342cc3ee8ca513a79999734dab3ae2c"
    integrity sha1-4wOogrNCzD7oylE6eZmXNNqzriw=
  
  cookie@0.4.0:
    version "0.4.0"
    resolved "https://registry.npm.taobao.org/cookie/download/cookie-0.4.0.tgz#beb437e7022b3b6d49019d088665303ebe9c14ba"
    integrity sha1-vrQ35wIrO21JAZ0IhmUwPr6cFLo=
  
  cookie@~0.4.1:
    version "0.4.1"
    resolved "https://registry.npm.taobao.org/cookie/download/cookie-0.4.1.tgz#afd713fe26ebd21ba95ceb61f9a8116e50a537d1"
    integrity sha1-r9cT/ibr0hupXOth+agRblClN9E=
  
  cookies@~0.8.0:
    version "0.8.0"
    resolved "https://registry.npm.taobao.org/cookies/download/cookies-0.8.0.tgz#1293ce4b391740a8406e3c9870e828c4b54f3f90"
    integrity sha1-EpPOSzkXQKhAbjyYcOgoxLVPP5A=
    dependencies:
      depd "~2.0.0"
      keygrip "~1.1.0"
  
  copy-to@^2.0.1:
    version "2.0.1"
    resolved "https://registry.npm.taobao.org/copy-to/download/copy-to-2.0.1.tgz#2680fbb8068a48d08656b6098092bdafc906f4a5"
    integrity sha1-JoD7uAaKSNCGVrYJgJK9r8kG9KU=
  
  core-util-is@^1.0.2, core-util-is@~1.0.0:
    version "1.0.2"
    resolved "https://registry.npm.taobao.org/core-util-is/download/core-util-is-1.0.2.tgz#b5fd54220aa2bc5ab57aab7140c940754503c1a7"
    integrity sha1-tf1UIgqivFq1eqtxQMlAdUUDwac=
  
  cors@~2.8.5:
    version "2.8.5"
    resolved "https://registry.npm.taobao.org/cors/download/cors-2.8.5.tgz#eac11da51592dd86b9f06f6e7ac293b3df875d29"
    integrity sha1-6sEdpRWS3Ya58G9uesKTs9+HXSk=
    dependencies:
      object-assign "^4"
      vary "^1"
  
  crc@^3.4.4:
    version "3.8.0"
    resolved "https://registry.nlark.com/crc/download/crc-3.8.0.tgz#ad60269c2c856f8c299e2c4cc0de4556914056c6"
    integrity sha1-rWAmnCyFb4wpnixMwN5FVpFAVsY=
    dependencies:
      buffer "^5.1.0"
  
  debug@2.6.9:
    version "2.6.9"
    resolved "https://registry.npm.taobao.org/debug/download/debug-2.6.9.tgz?cache=0&sync_timestamp=1607566571506&other_urls=https%3A%2F%2Fregistry.npm.taobao.org%2Fdebug%2Fdownload%2Fdebug-2.6.9.tgz#5d128515df134ff327e90a4c93f4e077a536341f"
    integrity sha1-XRKFFd8TT/Mn6QpMk/Tgd6U2NB8=
    dependencies:
      ms "2.0.0"
  
  debug@3.1.0, debug@~3.1.0:
    version "3.1.0"
    resolved "https://registry.npm.taobao.org/debug/download/debug-3.1.0.tgz#5bb5a0672628b64149566ba16819e61518c67261"
    integrity sha1-W7WgZyYotkFJVmuhaBnmFRjGcmE=
    dependencies:
      ms "2.0.0"
  
  debug@^3.1.0:
    version "3.2.7"
    resolved "https://registry.npm.taobao.org/debug/download/debug-3.2.7.tgz#72580b7e9145fb39b6676f9c5e5fb100b934179a"
    integrity sha1-clgLfpFF+zm2Z2+cXl+xALk0F5o=
    dependencies:
      ms "^2.1.1"
  
  debug@^4.1.1, debug@^4.3.1, debug@~4.3.1:
    version "4.3.1"
    resolved "https://registry.npm.taobao.org/debug/download/debug-4.3.1.tgz#f0d229c505e0c6d8c49ac553d1b13dc183f6b2ee"
    integrity sha1-8NIpxQXgxtjEmsVT0bE9wYP2su4=
    dependencies:
      ms "2.1.2"
  
  deep-equal@~1.0.1:
    version "1.0.1"
    resolved "https://registry.npm.taobao.org/deep-equal/download/deep-equal-1.0.1.tgz?cache=0&sync_timestamp=1606859714626&other_urls=https%3A%2F%2Fregistry.npm.taobao.org%2Fdeep-equal%2Fdownload%2Fdeep-equal-1.0.1.tgz#f5d260292b660e084eff4cdbc9f08ad3247448b5"
    integrity sha1-9dJgKStmDghO/0zbyfCK0yR0SLU=
  
  delegates@^1.0.0:
    version "1.0.0"
    resolved "https://registry.npm.taobao.org/delegates/download/delegates-1.0.0.tgz#84c6e159b81904fdca59a0ef44cd870d31250f9a"
    integrity sha1-hMbhWbgZBP3KWaDvRM2HDTElD5o=
  
  denque@^1.1.0, denque@^1.4.1, denque@^1.5.0:
    version "1.5.0"
    resolved "https://registry.npm.taobao.org/denque/download/denque-1.5.0.tgz#773de0686ff2d8ec2ff92914316a47b73b1c73de"
    integrity sha1-dz3gaG/y2Owv+SkUMWpHtzscc94=
  
  depd@^2.0.0, depd@~2.0.0:
    version "2.0.0"
    resolved "https://registry.npm.taobao.org/depd/download/depd-2.0.0.tgz#b696163cc757560d09cf22cc8fad1571b79e76df"
    integrity sha1-tpYWPMdXVg0JzyLMj60Vcbeedt8=
  
  depd@~1.1.2:
    version "1.1.2"
    resolved "https://registry.npm.taobao.org/depd/download/depd-1.1.2.tgz#9bcd52e14c097763e749b274c4346ed2e560b5a9"
    integrity sha1-m81S4UwJd2PnSbJ0xDRu0uVgtak=
  
  destroy@^1.0.4, destroy@~1.0.4:
    version "1.0.4"
    resolved "https://registry.npm.taobao.org/destroy/download/destroy-1.0.4.tgz#978857442c44749e4206613e37946205826abd80"
    integrity sha1-l4hXRCxEdJ5CBmE+N5RiBYJqvYA=
  
  ecdsa-sig-formatter@1.0.11:
    version "1.0.11"
    resolved "https://registry.npm.taobao.org/ecdsa-sig-formatter/download/ecdsa-sig-formatter-1.0.11.tgz#ae0f0fa2d85045ef14a817daa3ce9acd0489e5bf"
    integrity sha1-rg8PothQRe8UqBfao86azQSJ5b8=
    dependencies:
      safe-buffer "^5.0.1"
  
  ee-first@1.1.1:
    version "1.1.1"
    resolved "https://registry.npm.taobao.org/ee-first/download/ee-first-1.1.1.tgz#590c61156b0ae2f4f0255732a158b266bc56b21d"
    integrity sha1-WQxhFWsK4vTwJVcyoViyZrxWsh0=
  
  encodeurl@^1.0.2, encodeurl@~1.0.2:
    version "1.0.2"
    resolved "https://registry.npm.taobao.org/encodeurl/download/encodeurl-1.0.2.tgz#ad3ff4c86ec2d029322f5a02c3a9a606c95b3f59"
    integrity sha1-rT/0yG7C0CkyL1oCw6mmBslbP1k=
  
  engine.io-parser@~4.0.0:
    version "4.0.2"
    resolved "https://registry.npm.taobao.org/engine.io-parser/download/engine.io-parser-4.0.2.tgz#e41d0b3fb66f7bf4a3671d2038a154024edb501e"
    integrity sha1-5B0LP7Zve/SjZx0gOKFUAk7bUB4=
    dependencies:
      base64-arraybuffer "0.1.4"
  
  engine.io@~5.0.0:
    version "5.0.0"
    resolved "https://registry.nlark.com/engine.io/download/engine.io-5.0.0.tgz?cache=0&sync_timestamp=1620117429060&other_urls=https%3A%2F%2Fregistry.nlark.com%2Fengine.io%2Fdownload%2Fengine.io-5.0.0.tgz#470dc94a8a4907fa4d2cd1fa6611426afcee61bf"
    integrity sha1-Rw3JSopJB/pNLNH6ZhFCavzuYb8=
    dependencies:
      accepts "~1.3.4"
      base64id "2.0.0"
      cookie "~0.4.1"
      cors "~2.8.5"
      debug "~4.3.1"
      engine.io-parser "~4.0.0"
      ws "~7.4.2"
  
  es6-promise@^3.2.1:
    version "3.3.1"
    resolved "https://registry.npm.taobao.org/es6-promise/download/es6-promise-3.3.1.tgz#a08cdde84ccdbf34d027a1451bc91d4bcd28a613"
    integrity sha1-oIzd6EzNvzTQJ6FFG8kdS80ophM=
  
  es6-promisify@^4.1.0:
    version "4.1.0"
    resolved "https://registry.npm.taobao.org/es6-promisify/download/es6-promisify-4.1.0.tgz?cache=0&sync_timestamp=1588608211542&other_urls=https%3A%2F%2Fregistry.npm.taobao.org%2Fes6-promisify%2Fdownload%2Fes6-promisify-4.1.0.tgz#dbcc1a3e93fdb8e9e709744182b7d2080c03fdb3"
    integrity sha1-28waPpP9uOnnCXRBgrfSCAwD/bM=
    dependencies:
      es6-promise "^3.2.1"
  
  escape-html@^1.0.3, escape-html@~1.0.3:
    version "1.0.3"
    resolved "https://registry.npm.taobao.org/escape-html/download/escape-html-1.0.3.tgz#0258eae4d3d0c0974de1c169188ef0051d1d1988"
    integrity sha1-Aljq5NPQwJdN4cFpGI7wBR0dGYg=
  
  etag@~1.8.1:
    version "1.8.1"
    resolved "https://registry.npm.taobao.org/etag/download/etag-1.8.1.tgz#41ae2eeb65efa62268aebfea83ac7d79299b0887"
    integrity sha1-Qa4u62XvpiJorr/qg6x9eSmbCIc=
  
  express@^4.17.1:
    version "4.17.1"
    resolved "https://registry.npm.taobao.org/express/download/express-4.17.1.tgz#4491fc38605cf51f8629d39c2b5d026f98a4c134"
    integrity sha1-RJH8OGBc9R+GKdOcK10Cb5ikwTQ=
    dependencies:
      accepts "~1.3.7"
      array-flatten "1.1.1"
      body-parser "1.19.0"
      content-disposition "0.5.3"
      content-type "~1.0.4"
      cookie "0.4.0"
      cookie-signature "1.0.6"
      debug "2.6.9"
      depd "~1.1.2"
      encodeurl "~1.0.2"
      escape-html "~1.0.3"
      etag "~1.8.1"
      finalhandler "~1.1.2"
      fresh "0.5.2"
      merge-descriptors "1.0.1"
      methods "~1.1.2"
      on-finished "~2.3.0"
      parseurl "~1.3.3"
      path-to-regexp "0.1.7"
      proxy-addr "~2.0.5"
      qs "6.7.0"
      range-parser "~1.2.1"
      safe-buffer "5.1.2"
      send "0.17.1"
      serve-static "1.14.1"
      setprototypeof "1.1.1"
      statuses "~1.5.0"
      type-is "~1.6.18"
      utils-merge "1.0.1"
      vary "~1.1.2"
  
  finalhandler@~1.1.2:
    version "1.1.2"
    resolved "https://registry.npm.taobao.org/finalhandler/download/finalhandler-1.1.2.tgz#b7e7d000ffd11938d0fdb053506f6ebabe9f587d"
    integrity sha1-t+fQAP/RGTjQ/bBTUG9uur6fWH0=
    dependencies:
      debug "2.6.9"
      encodeurl "~1.0.2"
      escape-html "~1.0.3"
      on-finished "~2.3.0"
      parseurl "~1.3.3"
      statuses "~1.5.0"
      unpipe "~1.0.0"
  
  follow-redirects@^1.10.0:
    version "1.14.0"
    resolved "https://registry.nlark.com/follow-redirects/download/follow-redirects-1.14.0.tgz#f5d260f95c5f8c105894491feee5dc8993b402fe"
    integrity sha1-9dJg+VxfjBBYlEkf7uXciZO0Av4=
  
  forwarded@~0.1.2:
    version "0.1.2"
    resolved "https://registry.npm.taobao.org/forwarded/download/forwarded-0.1.2.tgz#98c23dab1175657b8c0573e8ceccd91b0ff18c84"
    integrity sha1-mMI9qxF1ZXuMBXPozszZGw/xjIQ=
  
  fresh@0.5.2, fresh@~0.5.2:
    version "0.5.2"
    resolved "https://registry.npm.taobao.org/fresh/download/fresh-0.5.2.tgz#3d8cadd90d976569fa835ab1f8e4b23a105605a7"
    integrity sha1-PYyt2Q2XZWn6g1qx+OSyOhBWBac=
  
  function-bind@^1.1.1:
    version "1.1.1"
    resolved "https://registry.npm.taobao.org/function-bind/download/function-bind-1.1.1.tgz#a56899d3ea3c9bab874bb9773b7c5ede92f4895d"
    integrity sha1-pWiZ0+o8m6uHS7l3O3xe3pL0iV0=
  
  get-intrinsic@^1.0.2:
    version "1.1.1"
    resolved "https://registry.nlark.com/get-intrinsic/download/get-intrinsic-1.1.1.tgz#15f59f376f855c446963948f0d24cd3637b4abc6"
    integrity sha1-FfWfN2+FXERpY5SPDSTNNje0q8Y=
    dependencies:
      function-bind "^1.1.1"
      has "^1.0.3"
      has-symbols "^1.0.1"
  
  has-symbols@^1.0.1:
    version "1.0.2"
    resolved "https://registry.npm.taobao.org/has-symbols/download/has-symbols-1.0.2.tgz?cache=0&sync_timestamp=1614443484522&other_urls=https%3A%2F%2Fregistry.npm.taobao.org%2Fhas-symbols%2Fdownload%2Fhas-symbols-1.0.2.tgz#165d3070c00309752a1236a479331e3ac56f1423"
    integrity sha1-Fl0wcMADCXUqEjakeTMeOsVvFCM=
  
  has@^1.0.3:
    version "1.0.3"
    resolved "https://registry.npm.taobao.org/has/download/has-1.0.3.tgz#722d7cbfc1f6aa8241f16dd814e011e1f41e8796"
    integrity sha1-ci18v8H2qoJB8W3YFOAR4fQeh5Y=
    dependencies:
      function-bind "^1.1.1"
  
  http-assert@^1.3.0:
    version "1.4.1"
    resolved "https://registry.npm.taobao.org/http-assert/download/http-assert-1.4.1.tgz#c5f725d677aa7e873ef736199b89686cceb37878"
    integrity sha1-xfcl1neqfoc+9zYZm4lobM6zeHg=
    dependencies:
      deep-equal "~1.0.1"
      http-errors "~1.7.2"
  
  http-errors@1.7.2:
    version "1.7.2"
    resolved "https://registry.npm.taobao.org/http-errors/download/http-errors-1.7.2.tgz#4f5029cf13239f31036e5b2e55292bcfbcc85c8f"
    integrity sha1-T1ApzxMjnzEDblsuVSkrz7zIXI8=
    dependencies:
      depd "~1.1.2"
      inherits "2.0.3"
      setprototypeof "1.1.1"
      statuses ">= 1.5.0 < 2"
      toidentifier "1.0.0"
  
  http-errors@1.7.3, http-errors@~1.7.2:
    version "1.7.3"
    resolved "https://registry.npm.taobao.org/http-errors/download/http-errors-1.7.3.tgz#6c619e4f9c60308c38519498c14fbb10aacebb06"
    integrity sha1-bGGeT5xgMIw4UZSYwU+7EKrOuwY=
    dependencies:
      depd "~1.1.2"
      inherits "2.0.4"
      setprototypeof "1.1.1"
      statuses ">= 1.5.0 < 2"
      toidentifier "1.0.0"
  
  http-errors@^1.6.3, http-errors@^1.7.3:
    version "1.8.0"
    resolved "https://registry.npm.taobao.org/http-errors/download/http-errors-1.8.0.tgz#75d1bbe497e1044f51e4ee9e704a62f28d336507"
    integrity sha1-ddG75JfhBE9R5O6ecEpi8o0zZQc=
    dependencies:
      depd "~1.1.2"
      inherits "2.0.4"
      setprototypeof "1.2.0"
      statuses ">= 1.5.0 < 2"
      toidentifier "1.0.0"
  
  http-errors@~1.6.2:
    version "1.6.3"
    resolved "https://registry.npm.taobao.org/http-errors/download/http-errors-1.6.3.tgz#8b55680bb4be283a0b5bf4ea2e38580be1d9320d"
    integrity sha1-i1VoC7S+KDoLW/TqLjhYC+HZMg0=
    dependencies:
      depd "~1.1.2"
      inherits "2.0.3"
      setprototypeof "1.1.0"
      statuses ">= 1.4.0 < 2"
  
  iconv-lite@0.4.24:
    version "0.4.24"
    resolved "https://registry.npm.taobao.org/iconv-lite/download/iconv-lite-0.4.24.tgz#2022b4b25fbddc21d2f524974a474aafe733908b"
    integrity sha1-ICK0sl+93CHS9SSXSkdKr+czkIs=
    dependencies:
      safer-buffer ">= 2.1.2 < 3"
  
  ieee754@^1.1.13:
    version "1.2.1"
    resolved "https://registry.npm.taobao.org/ieee754/download/ieee754-1.2.1.tgz?cache=0&sync_timestamp=1603838235461&other_urls=https%3A%2F%2Fregistry.npm.taobao.org%2Fieee754%2Fdownload%2Fieee754-1.2.1.tgz#8eb7a10a63fff25d15a57b001586d177d1b0d352"
    integrity sha1-jrehCmP/8l0VpXsAFYbRd9Gw01I=
  
  indent-string@^4.0.0:
    version "4.0.0"
    resolved "https://registry.npm.taobao.org/indent-string/download/indent-string-4.0.0.tgz?cache=0&sync_timestamp=1618679442183&other_urls=https%3A%2F%2Fregistry.npm.taobao.org%2Findent-string%2Fdownload%2Findent-string-4.0.0.tgz#624f8f4497d619b2d9768531d58f4122854d7251"
    integrity sha1-Yk+PRJfWGbLZdoUx1Y9BIoVNclE=
  
  inflation@^2.0.0:
    version "2.0.0"
    resolved "https://registry.npm.taobao.org/inflation/download/inflation-2.0.0.tgz#8b417e47c28f925a45133d914ca1fd389107f30f"
    integrity sha1-i0F+R8KPklpFEz2RTKH9OJEH8w8=
  
  inherits@2.0.3:
    version "2.0.3"
    resolved "https://registry.npm.taobao.org/inherits/download/inherits-2.0.3.tgz#633c2c83e3da42a502f52466022480f4208261de"
    integrity sha1-Yzwsg+PaQqUC9SRmAiSA9CCCYd4=
  
  inherits@2.0.4, inherits@~2.0.3:
    version "2.0.4"
    resolved "https://registry.npm.taobao.org/inherits/download/inherits-2.0.4.tgz#0fa2c64f932917c3433a0ded55363aae37416b7c"
    integrity sha1-D6LGT5MpF8NDOg3tVTY6rjdBa3w=
  
  ioredis@^4.14.1:
    version "4.27.2"
    resolved "https://registry.nlark.com/ioredis/download/ioredis-4.27.2.tgz#6a79bca05164482da796f8fa010bccefd3bf4811"
    integrity sha1-anm8oFFkSC2nlvj6AQvM79O/SBE=
    dependencies:
      cluster-key-slot "^1.1.0"
      debug "^4.3.1"
      denque "^1.1.0"
      lodash.defaults "^4.2.0"
      lodash.flatten "^4.4.0"
      p-map "^2.1.0"
      redis-commands "1.7.0"
      redis-errors "^1.2.0"
      redis-parser "^3.0.0"
      standard-as-callback "^2.1.0"
  
  ipaddr.js@1.9.1:
    version "1.9.1"
    resolved "https://registry.npm.taobao.org/ipaddr.js/download/ipaddr.js-1.9.1.tgz#bff38543eeb8984825079ff3a2a8e6cbd46781b3"
    integrity sha1-v/OFQ+64mEglB5/zoqjmy9RngbM=
  
  is-class-hotfix@~0.0.6:
    version "0.0.6"
    resolved "https://registry.npm.taobao.org/is-class-hotfix/download/is-class-hotfix-0.0.6.tgz#a527d31fb23279281dde5f385c77b5de70a72435"
    integrity sha1-pSfTH7IyeSgd3l84XHe13nCnJDU=
  
  is-generator-function@^1.0.7:
    version "1.0.9"
    resolved "https://registry.nlark.com/is-generator-function/download/is-generator-function-1.0.9.tgz?cache=0&sync_timestamp=1620280979070&other_urls=https%3A%2F%2Fregistry.nlark.com%2Fis-generator-function%2Fdownload%2Fis-generator-function-1.0.9.tgz#e5f82c2323673e7fcad3d12858c83c4039f6399c"
    integrity sha1-5fgsIyNnPn/K09EoWMg8QDn2OZw=
  
  is-type-of@^1.0.0:
    version "1.2.1"
    resolved "https://registry.npm.taobao.org/is-type-of/download/is-type-of-1.2.1.tgz#e263ec3857aceb4f28c47130ec78db09a920f8c5"
    integrity sha1-4mPsOFes608oxHEw7HjbCakg+MU=
    dependencies:
      core-util-is "^1.0.2"
      is-class-hotfix "~0.0.6"
      isstream "~0.1.2"
  
  isarray@~1.0.0:
    version "1.0.0"
    resolved "https://registry.npm.taobao.org/isarray/download/isarray-1.0.0.tgz#bb935d48582cba168c06834957a54a3e07124f11"
    integrity sha1-u5NdSFgsuhaMBoNJV6VKPgcSTxE=
  
  isstream@~0.1.2:
    version "0.1.2"
    resolved "https://registry.npm.taobao.org/isstream/download/isstream-0.1.2.tgz#47e63f7af55afa6f92e1500e690eb8b8529c099a"
    integrity sha1-R+Y/evVa+m+S4VAOaQ64uFKcCZo=
  
  jsonwebtoken@^8.5.1:
    version "8.5.1"
    resolved "https://registry.npm.taobao.org/jsonwebtoken/download/jsonwebtoken-8.5.1.tgz#00e71e0b8df54c2121a1f26137df2280673bcc0d"
    integrity sha1-AOceC431TCEhofJhN98igGc7zA0=
    dependencies:
      jws "^3.2.2"
      lodash.includes "^4.3.0"
      lodash.isboolean "^3.0.3"
      lodash.isinteger "^4.0.4"
      lodash.isnumber "^3.0.3"
      lodash.isplainobject "^4.0.6"
      lodash.isstring "^4.0.1"
      lodash.once "^4.0.0"
      ms "^2.1.1"
      semver "^5.6.0"
  
  jwa@^1.4.1:
    version "1.4.1"
    resolved "https://registry.npm.taobao.org/jwa/download/jwa-1.4.1.tgz#743c32985cb9e98655530d53641b66c8645b039a"
    integrity sha1-dDwymFy56YZVUw1TZBtmyGRbA5o=
    dependencies:
      buffer-equal-constant-time "1.0.1"
      ecdsa-sig-formatter "1.0.11"
      safe-buffer "^5.0.1"
  
  jws@^3.2.2:
    version "3.2.2"
    resolved "https://registry.npm.taobao.org/jws/download/jws-3.2.2.tgz#001099f3639468c9414000e99995fa52fb478304"
    integrity sha1-ABCZ82OUaMlBQADpmZX6UvtHgwQ=
    dependencies:
      jwa "^1.4.1"
      safe-buffer "^5.0.1"
  
  kareem@2.3.2:
    version "2.3.2"
    resolved "https://registry.npm.taobao.org/kareem/download/kareem-2.3.2.tgz?cache=0&sync_timestamp=1607443273679&other_urls=https%3A%2F%2Fregistry.npm.taobao.org%2Fkareem%2Fdownload%2Fkareem-2.3.2.tgz#78c4508894985b8d38a0dc15e1a8e11078f2ca93"
    integrity sha1-eMRQiJSYW404oNwV4ajhEHjyypM=
  
  keygrip@~1.1.0:
    version "1.1.0"
    resolved "https://registry.npm.taobao.org/keygrip/download/keygrip-1.1.0.tgz#871b1681d5e159c62a445b0c74b615e0917e7226"
    integrity sha1-hxsWgdXhWcYqRFsMdLYV4JF+ciY=
    dependencies:
      tsscmp "1.0.6"
  
  koa-bodyparser@^4.3.0:
    version "4.3.0"
    resolved "https://registry.npm.taobao.org/koa-bodyparser/download/koa-bodyparser-4.3.0.tgz#274c778555ff48fa221ee7f36a9fbdbace22759a"
    integrity sha1-J0x3hVX/SPoiHufzap+9us4idZo=
    dependencies:
      co-body "^6.0.0"
      copy-to "^2.0.1"
  
  koa-compose@^3.0.0:
    version "3.2.1"
    resolved "https://registry.npm.taobao.org/koa-compose/download/koa-compose-3.2.1.tgz?cache=0&sync_timestamp=1599805339337&other_urls=https%3A%2F%2Fregistry.npm.taobao.org%2Fkoa-compose%2Fdownload%2Fkoa-compose-3.2.1.tgz#a85ccb40b7d986d8e5a345b3a1ace8eabcf54de7"
    integrity sha1-qFzLQLfZhtjlo0Wzoazo6rz1Tec=
    dependencies:
      any-promise "^1.1.0"
  
  koa-compose@^4.1.0:
    version "4.1.0"
    resolved "https://registry.npm.taobao.org/koa-compose/download/koa-compose-4.1.0.tgz?cache=0&sync_timestamp=1599805339337&other_urls=https%3A%2F%2Fregistry.npm.taobao.org%2Fkoa-compose%2Fdownload%2Fkoa-compose-4.1.0.tgz#507306b9371901db41121c812e923d0d67d3e877"
    integrity sha1-UHMGuTcZAdtBEhyBLpI9DWfT6Hc=
  
  koa-convert@^1.2.0:
    version "1.2.0"
    resolved "https://registry.npm.taobao.org/koa-convert/download/koa-convert-1.2.0.tgz#da40875df49de0539098d1700b50820cebcd21d0"
    integrity sha1-2kCHXfSd4FOQmNFwC1CCDOvNIdA=
    dependencies:
      co "^4.6.0"
      koa-compose "^3.0.0"
  
  koa-jwt@^4.0.1:
    version "4.0.1"
    resolved "https://registry.npm.taobao.org/koa-jwt/download/koa-jwt-4.0.1.tgz?cache=0&sync_timestamp=1617350076519&other_urls=https%3A%2F%2Fregistry.npm.taobao.org%2Fkoa-jwt%2Fdownload%2Fkoa-jwt-4.0.1.tgz#2d495f1fb3aee29c7358e82f86d4ae2709bc8183"
    integrity sha1-LUlfH7Ou4pxzWOgvhtSuJwm8gYM=
    dependencies:
      jsonwebtoken "^8.5.1"
      koa-unless "^1.0.7"
      p-any "^2.1.0"
  
  koa-redis@^4.0.1:
    version "4.0.1"
    resolved "https://registry.npm.taobao.org/koa-redis/download/koa-redis-4.0.1.tgz#57ac1b46d9ab851221a9f4952c1e8d4bf289db40"
    integrity sha1-V6wbRtmrhRIhqfSVLB6NS/KJ20A=
    dependencies:
      "@babel/runtime" "^7.8.3"
      co-wrap-all "^1.0.0"
      debug "^4.1.1"
      ioredis "^4.14.1"
  
  koa-router@^10.0.0:
    version "10.0.0"
    resolved "https://registry.npm.taobao.org/koa-router/download/koa-router-10.0.0.tgz#7bc76a031085731e61fc92c1683687b2f44de6a4"
    integrity sha1-e8dqAxCFcx5h/JLBaDaHsvRN5qQ=
    dependencies:
      debug "^4.1.1"
      http-errors "^1.7.3"
      koa-compose "^4.1.0"
      methods "^1.1.2"
      path-to-regexp "^6.1.0"
  
  koa-send@^5.0.0:
    version "5.0.1"
    resolved "https://registry.npm.taobao.org/koa-send/download/koa-send-5.0.1.tgz#39dceebfafb395d0d60beaffba3a70b4f543fe79"
    integrity sha1-Odzuv6+zldDWC+r/ujpwtPVD/nk=
    dependencies:
      debug "^4.1.1"
      http-errors "^1.7.3"
      resolve-path "^1.4.0"
  
  koa-session@^6.2.0:
    version "6.2.0"
    resolved "https://registry.npm.taobao.org/koa-session/download/koa-session-6.2.0.tgz?cache=0&sync_timestamp=1617100160280&other_urls=https%3A%2F%2Fregistry.npm.taobao.org%2Fkoa-session%2Fdownload%2Fkoa-session-6.2.0.tgz#c0da2a808b520f62a25dac9f2914b580b2402078"
    integrity sha1-wNoqgItSD2KiXayfKRS1gLJAIHg=
    dependencies:
      crc "^3.4.4"
      debug "^3.1.0"
      is-type-of "^1.0.0"
      uuid "^3.3.2"
  
  koa-static@^5.0.0:
    version "5.0.0"
    resolved "https://registry.npm.taobao.org/koa-static/download/koa-static-5.0.0.tgz#5e92fc96b537ad5219f425319c95b64772776943"
    integrity sha1-XpL8lrU3rVIZ9CUxnJW2R3J3aUM=
    dependencies:
      debug "^3.1.0"
      koa-send "^5.0.0"
  
  koa-unless@^1.0.7:
    version "1.0.7"
    resolved "https://registry.npm.taobao.org/koa-unless/download/koa-unless-1.0.7.tgz#b9df375e2b4da3043918d48622520c2c0b79f032"
    integrity sha1-ud83XitNowQ5GNSGIlIMLAt58DI=
  
  koa2-cors@^2.0.6:
    version "2.0.6"
    resolved "https://registry.npm.taobao.org/koa2-cors/download/koa2-cors-2.0.6.tgz#9ad23df3a0b9bb84530b46f5944f3fb576086554"
    integrity sha1-mtI986C5u4RTC0b1lE8/tXYIZVQ=
  
  koa@^2.13.1:
    version "2.13.1"
    resolved "https://registry.npm.taobao.org/koa/download/koa-2.13.1.tgz?cache=0&sync_timestamp=1609771288129&other_urls=https%3A%2F%2Fregistry.npm.taobao.org%2Fkoa%2Fdownload%2Fkoa-2.13.1.tgz#6275172875b27bcfe1d454356a5b6b9f5a9b1051"
    integrity sha1-YnUXKHWye8/h1FQ1altrn1qbEFE=
    dependencies:
      accepts "^1.3.5"
      cache-content-type "^1.0.0"
      content-disposition "~0.5.2"
      content-type "^1.0.4"
      cookies "~0.8.0"
      debug "~3.1.0"
      delegates "^1.0.0"
      depd "^2.0.0"
      destroy "^1.0.4"
      encodeurl "^1.0.2"
      escape-html "^1.0.3"
      fresh "~0.5.2"
      http-assert "^1.3.0"
      http-errors "^1.6.3"
      is-generator-function "^1.0.7"
      koa-compose "^4.1.0"
      koa-convert "^1.2.0"
      on-finished "^2.3.0"
      only "~0.0.2"
      parseurl "^1.3.2"
      statuses "^1.5.0"
      type-is "^1.6.16"
      vary "^1.1.2"
  
  lodash.defaults@^4.2.0:
    version "4.2.0"
    resolved "https://registry.nlark.com/lodash.defaults/download/lodash.defaults-4.2.0.tgz#d09178716ffea4dde9e5fb7b37f6f0802274580c"
    integrity sha1-0JF4cW/+pN3p5ft7N/bwgCJ0WAw=
  
  lodash.flatten@^4.4.0:
    version "4.4.0"
    resolved "https://registry.npm.taobao.org/lodash.flatten/download/lodash.flatten-4.4.0.tgz#f31c22225a9632d2bbf8e4addbef240aa765a61f"
    integrity sha1-8xwiIlqWMtK7+OSt2+8kCqdlph8=
  
  lodash.includes@^4.3.0:
    version "4.3.0"
    resolved "https://registry.npm.taobao.org/lodash.includes/download/lodash.includes-4.3.0.tgz#60bb98a87cb923c68ca1e51325483314849f553f"
    integrity sha1-YLuYqHy5I8aMoeUTJUgzFISfVT8=
  
  lodash.isboolean@^3.0.3:
    version "3.0.3"
    resolved "https://registry.npm.taobao.org/lodash.isboolean/download/lodash.isboolean-3.0.3.tgz#6c2e171db2a257cd96802fd43b01b20d5f5870f6"
    integrity sha1-bC4XHbKiV82WgC/UOwGyDV9YcPY=
  
  lodash.isinteger@^4.0.4:
    version "4.0.4"
    resolved "https://registry.npm.taobao.org/lodash.isinteger/download/lodash.isinteger-4.0.4.tgz#619c0af3d03f8b04c31f5882840b77b11cd68343"
    integrity sha1-YZwK89A/iwTDH1iChAt3sRzWg0M=
  
  lodash.isnumber@^3.0.3:
    version "3.0.3"
    resolved "https://registry.npm.taobao.org/lodash.isnumber/download/lodash.isnumber-3.0.3.tgz#3ce76810c5928d03352301ac287317f11c0b1ffc"
    integrity sha1-POdoEMWSjQM1IwGsKHMX8RwLH/w=
  
  lodash.isplainobject@^4.0.6:
    version "4.0.6"
    resolved "https://registry.npm.taobao.org/lodash.isplainobject/download/lodash.isplainobject-4.0.6.tgz#7c526a52d89b45c45cc690b88163be0497f550cb"
    integrity sha1-fFJqUtibRcRcxpC4gWO+BJf1UMs=
  
  lodash.isstring@^4.0.1:
    version "4.0.1"
    resolved "https://registry.npm.taobao.org/lodash.isstring/download/lodash.isstring-4.0.1.tgz#d527dfb5456eca7cc9bb95d5daeaf88ba54a5451"
    integrity sha1-1SfftUVuynzJu5XV2ur4i6VKVFE=
  
  lodash.once@^4.0.0:
    version "4.1.1"
    resolved "https://registry.npm.taobao.org/lodash.once/download/lodash.once-4.1.1.tgz#0dd3971213c7c56df880977d504c88fb471a97ac"
    integrity sha1-DdOXEhPHxW34gJd9UEyI+0cal6w=
  
  media-typer@0.3.0:
    version "0.3.0"
    resolved "https://registry.npm.taobao.org/media-typer/download/media-typer-0.3.0.tgz#8710d7af0aa626f8fffa1ce00168545263255748"
    integrity sha1-hxDXrwqmJvj/+hzgAWhUUmMlV0g=
  
  memory-pager@^1.0.2:
    version "1.5.0"
    resolved "https://registry.npm.taobao.org/memory-pager/download/memory-pager-1.5.0.tgz#d8751655d22d384682741c972f2c3d6dfa3e66b5"
    integrity sha1-2HUWVdItOEaCdByXLyw9bfo+ZrU=
  
  merge-descriptors@1.0.1:
    version "1.0.1"
    resolved "https://registry.npm.taobao.org/merge-descriptors/download/merge-descriptors-1.0.1.tgz#b00aaa556dd8b44568150ec9d1b953f3f90cbb61"
    integrity sha1-sAqqVW3YtEVoFQ7J0blT8/kMu2E=
  
  methods@^1.1.2, methods@~1.1.2:
    version "1.1.2"
    resolved "https://registry.npm.taobao.org/methods/download/methods-1.1.2.tgz#5529a4d67654134edcc5266656835b0f851afcee"
    integrity sha1-VSmk1nZUE07cxSZmVoNbD4Ua/O4=
  
  mime-db@1.47.0:
    version "1.47.0"
    resolved "https://registry.npm.taobao.org/mime-db/download/mime-db-1.47.0.tgz?cache=0&sync_timestamp=1617306118828&other_urls=https%3A%2F%2Fregistry.npm.taobao.org%2Fmime-db%2Fdownload%2Fmime-db-1.47.0.tgz#8cb313e59965d3c05cfbf898915a267af46a335c"
    integrity sha1-jLMT5Zll08Bc+/iYkVomevRqM1w=
  
  mime-types@^2.1.18, mime-types@~2.1.24:
    version "2.1.30"
    resolved "https://registry.npm.taobao.org/mime-types/download/mime-types-2.1.30.tgz?cache=0&sync_timestamp=1617340124913&other_urls=https%3A%2F%2Fregistry.npm.taobao.org%2Fmime-types%2Fdownload%2Fmime-types-2.1.30.tgz#6e7be8b4c479825f85ed6326695db73f9305d62d"
    integrity sha1-bnvotMR5gl+F7WMmaV23P5MF1i0=
    dependencies:
      mime-db "1.47.0"
  
  mime@1.6.0:
    version "1.6.0"
    resolved "https://registry.npm.taobao.org/mime/download/mime-1.6.0.tgz?cache=0&sync_timestamp=1613584838235&other_urls=https%3A%2F%2Fregistry.npm.taobao.org%2Fmime%2Fdownload%2Fmime-1.6.0.tgz#32cd9e5c64553bd58d19a568af452acff04981b1"
    integrity sha1-Ms2eXGRVO9WNGaVor0Uqz/BJgbE=
  
  mongo@^0.1.0:
    version "0.1.0"
    resolved "https://registry.nlark.com/mongo/download/mongo-0.1.0.tgz#c8af0f8df98d4894b772b37342987c3becf3718c"
    integrity sha1-yK8PjfmNSJS3crNzQph8O+zzcYw=
    dependencies:
      mongodb "*"
  
  mongodb@*, mongodb@3.6.6:
    version "3.6.6"
    resolved "https://registry.npm.taobao.org/mongodb/download/mongodb-3.6.6.tgz#92e3658f45424c34add3003e3046c1535c534449"
    integrity sha1-kuNlj0VCTDSt0wA+MEbBU1xTREk=
    dependencies:
      bl "^2.2.1"
      bson "^1.1.4"
      denque "^1.4.1"
      optional-require "^1.0.2"
      safe-buffer "^5.1.2"
    optionalDependencies:
      saslprep "^1.0.0"
  
  mongoose-legacy-pluralize@1.0.2:
    version "1.0.2"
    resolved "https://registry.npm.taobao.org/mongoose-legacy-pluralize/download/mongoose-legacy-pluralize-1.0.2.tgz#3ba9f91fa507b5186d399fb40854bff18fb563e4"
    integrity sha1-O6n5H6UHtRhtOZ+0CFS/8Y+1Y+Q=
  
  mongoose@^5.12.7:
    version "5.12.7"
    resolved "https://registry.nlark.com/mongoose/download/mongoose-5.12.7.tgz#9cbf42246c53b7ab79342c04ef72938d4047b071"
    integrity sha1-nL9CJGxTt6t5NCwE73KTjUBHsHE=
    dependencies:
      "@types/mongodb" "^3.5.27"
      bson "^1.1.4"
      kareem "2.3.2"
      mongodb "3.6.6"
      mongoose-legacy-pluralize "1.0.2"
      mpath "0.8.3"
      mquery "3.2.5"
      ms "2.1.2"
      regexp-clone "1.0.0"
      safe-buffer "5.2.1"
      sift "13.5.2"
      sliced "1.0.1"
  
  mpath@0.8.3:
    version "0.8.3"
    resolved "https://registry.npm.taobao.org/mpath/download/mpath-0.8.3.tgz?cache=0&sync_timestamp=1609342111213&other_urls=https%3A%2F%2Fregistry.npm.taobao.org%2Fmpath%2Fdownload%2Fmpath-0.8.3.tgz#828ac0d187f7f42674839d74921970979abbdd8f"
    integrity sha1-gorA0Yf39CZ0g510khlwl5q73Y8=
  
  mquery@3.2.5:
    version "3.2.5"
    resolved "https://registry.npm.taobao.org/mquery/download/mquery-3.2.5.tgz?cache=0&sync_timestamp=1617029851335&other_urls=https%3A%2F%2Fregistry.npm.taobao.org%2Fmquery%2Fdownload%2Fmquery-3.2.5.tgz#8f2305632e4bb197f68f60c0cffa21aaf4060c51"
    integrity sha1-jyMFYy5LsZf2j2DAz/ohqvQGDFE=
    dependencies:
      bluebird "3.5.1"
      debug "3.1.0"
      regexp-clone "^1.0.0"
      safe-buffer "5.1.2"
      sliced "1.0.1"
  
  ms@2.0.0:
    version "2.0.0"
    resolved "https://registry.npm.taobao.org/ms/download/ms-2.0.0.tgz?cache=0&sync_timestamp=1607433872491&other_urls=https%3A%2F%2Fregistry.npm.taobao.org%2Fms%2Fdownload%2Fms-2.0.0.tgz#5608aeadfc00be6c2901df5f9861788de0d597c8"
    integrity sha1-VgiurfwAvmwpAd9fmGF4jeDVl8g=
  
  ms@2.1.1:
    version "2.1.1"
    resolved "https://registry.npm.taobao.org/ms/download/ms-2.1.1.tgz?cache=0&sync_timestamp=1607433872491&other_urls=https%3A%2F%2Fregistry.npm.taobao.org%2Fms%2Fdownload%2Fms-2.1.1.tgz#30a5864eb3ebb0a66f2ebe6d727af06a09d86e0a"
    integrity sha1-MKWGTrPrsKZvLr5tcnrwagnYbgo=
  
  ms@2.1.2:
    version "2.1.2"
    resolved "https://registry.npm.taobao.org/ms/download/ms-2.1.2.tgz?cache=0&sync_timestamp=1607433842694&other_urls=https%3A%2F%2Fregistry.npm.taobao.org%2Fms%2Fdownload%2Fms-2.1.2.tgz#d09d1f357b443f493382a8eb3ccd183872ae6009"
    integrity sha1-0J0fNXtEP0kzgqjrPM0YOHKuYAk=
  
  ms@^2.1.1:
    version "2.1.3"
    resolved "https://registry.npm.taobao.org/ms/download/ms-2.1.3.tgz?cache=0&sync_timestamp=1607433842694&other_urls=https%3A%2F%2Fregistry.npm.taobao.org%2Fms%2Fdownload%2Fms-2.1.3.tgz#574c8138ce1d2b5861f0b44579dbadd60c6615b2"
    integrity sha1-V0yBOM4dK1hh8LRFedut1gxmFbI=
  
  negotiator@0.6.2:
    version "0.6.2"
    resolved "https://registry.npm.taobao.org/negotiator/download/negotiator-0.6.2.tgz#feacf7ccf525a77ae9634436a64883ffeca346fb"
    integrity sha1-/qz3zPUlp3rpY0Q2pkiD/+yjRvs=
  
  object-assign@^4:
    version "4.1.1"
    resolved "https://registry.npm.taobao.org/object-assign/download/object-assign-4.1.1.tgz#2109adc7965887cfc05cbbd442cac8bfbb360863"
    integrity sha1-IQmtx5ZYh8/AXLvUQsrIv7s2CGM=
  
  object-inspect@^1.9.0:
    version "1.10.3"
    resolved "https://registry.nlark.com/object-inspect/download/object-inspect-1.10.3.tgz?cache=0&sync_timestamp=1620446150016&other_urls=https%3A%2F%2Fregistry.nlark.com%2Fobject-inspect%2Fdownload%2Fobject-inspect-1.10.3.tgz#c2aa7d2d09f50c99375704f7a0adf24c5782d369"
    integrity sha1-wqp9LQn1DJk3VwT3oK3yTFeC02k=
  
  on-finished@^2.3.0, on-finished@~2.3.0:
    version "2.3.0"
    resolved "https://registry.npm.taobao.org/on-finished/download/on-finished-2.3.0.tgz#20f1336481b083cd75337992a16971aa2d906947"
    integrity sha1-IPEzZIGwg811M3mSoWlxqi2QaUc=
    dependencies:
      ee-first "1.1.1"
  
  only@~0.0.2:
    version "0.0.2"
    resolved "https://registry.npm.taobao.org/only/download/only-0.0.2.tgz#2afde84d03e50b9a8edc444e30610a70295edfb4"
    integrity sha1-Kv3oTQPlC5qO3EROMGEKcCle37Q=
  
  optional-require@^1.0.2:
    version "1.0.3"
    resolved "https://registry.npm.taobao.org/optional-require/download/optional-require-1.0.3.tgz?cache=0&other_urls=https%3A%2F%2Fregistry.npm.taobao.org%2Foptional-require%2Fdownload%2Foptional-require-1.0.3.tgz#275b8e9df1dc6a17ad155369c2422a440f89cb07"
    integrity sha1-J1uOnfHcahetFVNpwkIqRA+Jywc=
  
  p-any@^2.1.0:
    version "2.1.0"
    resolved "https://registry.npm.taobao.org/p-any/download/p-any-2.1.0.tgz#719489408e14f5f941a748f1e817f5c71cab35cb"
    integrity sha1-cZSJQI4U9flBp0jx6Bf1xxyrNcs=
    dependencies:
      p-cancelable "^2.0.0"
      p-some "^4.0.0"
      type-fest "^0.3.0"
  
  p-cancelable@^2.0.0:
    version "2.1.1"
    resolved "https://registry.nlark.com/p-cancelable/download/p-cancelable-2.1.1.tgz#aab7fbd416582fa32a3db49859c122487c5ed2cf"
    integrity sha1-qrf71BZYL6MqPbSYWcEiSHxe0s8=
  
  p-map@^2.1.0:
    version "2.1.0"
    resolved "https://registry.npm.taobao.org/p-map/download/p-map-2.1.0.tgz?cache=0&other_urls=https%3A%2F%2Fregistry.npm.taobao.org%2Fp-map%2Fdownload%2Fp-map-2.1.0.tgz#310928feef9c9ecc65b68b17693018a665cea175"
    integrity sha1-MQko/u+cnsxltosXaTAYpmXOoXU=
  
  p-some@^4.0.0:
    version "4.1.0"
    resolved "https://registry.npm.taobao.org/p-some/download/p-some-4.1.0.tgz#28e73bc1e0d62db54c2ed513acd03acba30d5c04"
    integrity sha1-KOc7weDWLbVMLtUTrNA6y6MNXAQ=
    dependencies:
      aggregate-error "^3.0.0"
      p-cancelable "^2.0.0"
  
  parseurl@^1.3.2, parseurl@~1.3.3:
    version "1.3.3"
    resolved "https://registry.npm.taobao.org/parseurl/download/parseurl-1.3.3.tgz?cache=0&sync_timestamp=1593529696791&other_urls=https%3A%2F%2Fregistry.npm.taobao.org%2Fparseurl%2Fdownload%2Fparseurl-1.3.3.tgz#9da19e7bee8d12dff0513ed5b76957793bc2e8d4"
    integrity sha1-naGee+6NEt/wUT7Vt2lXeTvC6NQ=
  
  path-is-absolute@1.0.1:
    version "1.0.1"
    resolved "https://registry.npm.taobao.org/path-is-absolute/download/path-is-absolute-1.0.1.tgz#174b9268735534ffbc7ace6bf53a5a9e1b5c5f5f"
    integrity sha1-F0uSaHNVNP+8es5r9TpanhtcX18=
  
  path-to-regexp@0.1.7:
    version "0.1.7"
    resolved "https://registry.npm.taobao.org/path-to-regexp/download/path-to-regexp-0.1.7.tgz?cache=0&sync_timestamp=1601400247487&other_urls=https%3A%2F%2Fregistry.npm.taobao.org%2Fpath-to-regexp%2Fdownload%2Fpath-to-regexp-0.1.7.tgz#df604178005f522f15eb4490e7247a1bfaa67f8c"
    integrity sha1-32BBeABfUi8V60SQ5yR6G/qmf4w=
  
  path-to-regexp@^6.1.0:
    version "6.2.0"
    resolved "https://registry.npm.taobao.org/path-to-regexp/download/path-to-regexp-6.2.0.tgz#f7b3803336104c346889adece614669230645f38"
    integrity sha1-97OAMzYQTDRoia3s5hRmkjBkXzg=
  
  process-nextick-args@~2.0.0:
    version "2.0.1"
    resolved "https://registry.npm.taobao.org/process-nextick-args/download/process-nextick-args-2.0.1.tgz#7820d9b16120cc55ca9ae7792680ae7dba6d7fe2"
    integrity sha1-eCDZsWEgzFXKmud5JoCufbptf+I=
  
  proxy-addr@~2.0.5:
    version "2.0.6"
    resolved "https://registry.npm.taobao.org/proxy-addr/download/proxy-addr-2.0.6.tgz#fdc2336505447d3f2f2c638ed272caf614bbb2bf"
    integrity sha1-/cIzZQVEfT8vLGOO0nLK9hS7sr8=
    dependencies:
      forwarded "~0.1.2"
      ipaddr.js "1.9.1"
  
  qs@6.7.0:
    version "6.7.0"
    resolved "https://registry.npm.taobao.org/qs/download/qs-6.7.0.tgz#41dc1a015e3d581f1621776be31afb2876a9b1bc"
    integrity sha1-QdwaAV49WB8WIXdr4xr7KHapsbw=
  
  qs@^6.5.2:
    version "6.10.1"
    resolved "https://registry.npm.taobao.org/qs/download/qs-6.10.1.tgz#4931482fa8d647a5aab799c5271d2133b981fb6a"
    integrity sha1-STFIL6jWR6Wqt5nFJx0hM7mB+2o=
    dependencies:
      side-channel "^1.0.4"
  
  querystring@^0.2.1:
    version "0.2.1"
    resolved "https://registry.npm.taobao.org/querystring/download/querystring-0.2.1.tgz?cache=0&sync_timestamp=1613400279250&other_urls=https%3A%2F%2Fregistry.npm.taobao.org%2Fquerystring%2Fdownload%2Fquerystring-0.2.1.tgz#40d77615bb09d16902a85c3e38aa8b5ed761c2dd"
    integrity sha1-QNd2FbsJ0WkCqFw+OKqLXtdhwt0=
  
  range-parser@~1.2.1:
    version "1.2.1"
    resolved "https://registry.npm.taobao.org/range-parser/download/range-parser-1.2.1.tgz#3cf37023d199e1c24d1a55b84800c2f3e6468031"
    integrity sha1-PPNwI9GZ4cJNGlW4SADC8+ZGgDE=
  
  raw-body@2.4.0:
    version "2.4.0"
    resolved "https://registry.npm.taobao.org/raw-body/download/raw-body-2.4.0.tgz#a1ce6fb9c9bc356ca52e89256ab59059e13d0332"
    integrity sha1-oc5vucm8NWylLoklarWQWeE9AzI=
    dependencies:
      bytes "3.1.0"
      http-errors "1.7.2"
      iconv-lite "0.4.24"
      unpipe "1.0.0"
  
  raw-body@^2.3.3:
    version "2.4.1"
    resolved "https://registry.npm.taobao.org/raw-body/download/raw-body-2.4.1.tgz#30ac82f98bb5ae8c152e67149dac8d55153b168c"
    integrity sha1-MKyC+Yu1rowVLmcUnayNVRU7Fow=
    dependencies:
      bytes "3.1.0"
      http-errors "1.7.3"
      iconv-lite "0.4.24"
      unpipe "1.0.0"
  
  readable-stream@^2.3.5:
    version "2.3.7"
    resolved "https://registry.npm.taobao.org/readable-stream/download/readable-stream-2.3.7.tgz#1eca1cf711aef814c04f62252a36a62f6cb23b57"
    integrity sha1-Hsoc9xGu+BTAT2IlKjamL2yyO1c=
    dependencies:
      core-util-is "~1.0.0"
      inherits "~2.0.3"
      isarray "~1.0.0"
      process-nextick-args "~2.0.0"
      safe-buffer "~5.1.1"
      string_decoder "~1.1.1"
      util-deprecate "~1.0.1"
  
  redis-commands@1.7.0, redis-commands@^1.7.0:
    version "1.7.0"
    resolved "https://registry.npm.taobao.org/redis-commands/download/redis-commands-1.7.0.tgz?cache=0&other_urls=https%3A%2F%2Fregistry.npm.taobao.org%2Fredis-commands%2Fdownload%2Fredis-commands-1.7.0.tgz#15a6fea2d58281e27b1cd1acfb4b293e278c3a89"
    integrity sha1-Fab+otWCgeJ7HNGs+0spPieMOok=
  
  redis-errors@^1.0.0, redis-errors@^1.2.0:
    version "1.2.0"
    resolved "https://registry.npm.taobao.org/redis-errors/download/redis-errors-1.2.0.tgz#eb62d2adb15e4eaf4610c04afe1529384250abad"
    integrity sha1-62LSrbFeTq9GEMBK/hUpOEJQq60=
  
  redis-parser@^3.0.0:
    version "3.0.0"
    resolved "https://registry.npm.taobao.org/redis-parser/download/redis-parser-3.0.0.tgz#b66d828cdcafe6b4b8a428a7def4c6bcac31c8b4"
    integrity sha1-tm2CjNyv5rS4pCin3vTGvKwxyLQ=
    dependencies:
      redis-errors "^1.0.0"
  
  redis@^3.1.2:
    version "3.1.2"
    resolved "https://registry.nlark.com/redis/download/redis-3.1.2.tgz#766851117e80653d23e0ed536254677ab647638c"
    integrity sha1-dmhREX6AZT0j4O1TYlRnerZHY4w=
    dependencies:
      denque "^1.5.0"
      redis-commands "^1.7.0"
      redis-errors "^1.2.0"
      redis-parser "^3.0.0"
  
  regenerator-runtime@^0.13.4:
    version "0.13.7"
    resolved "https://registry.npm.taobao.org/regenerator-runtime/download/regenerator-runtime-0.13.7.tgz#cac2dacc8a1ea675feaabaeb8ae833898ae46f55"
    integrity sha1-ysLazIoepnX+qrrriugziYrkb1U=
  
  regexp-clone@1.0.0, regexp-clone@^1.0.0:
    version "1.0.0"
    resolved "https://registry.npm.taobao.org/regexp-clone/download/regexp-clone-1.0.0.tgz#222db967623277056260b992626354a04ce9bf63"
    integrity sha1-Ii25Z2IydwViYLmSYmNUoEzpv2M=
  
  resolve-path@^1.4.0:
    version "1.4.0"
    resolved "https://registry.npm.taobao.org/resolve-path/download/resolve-path-1.4.0.tgz#c4bda9f5efb2fce65247873ab36bb4d834fe16f7"
    integrity sha1-xL2p9e+y/OZSR4c6s2u02DT+Fvc=
    dependencies:
      http-errors "~1.6.2"
      path-is-absolute "1.0.1"
  
  safe-buffer@5.1.2, safe-buffer@~5.1.0, safe-buffer@~5.1.1:
    version "5.1.2"
    resolved "https://registry.npm.taobao.org/safe-buffer/download/safe-buffer-5.1.2.tgz#991ec69d296e0313747d59bdfd2b745c35f8828d"
    integrity sha1-mR7GnSluAxN0fVm9/St0XDX4go0=
  
  safe-buffer@5.2.1, safe-buffer@^5.0.1, safe-buffer@^5.1.1, safe-buffer@^5.1.2:
    version "5.2.1"
    resolved "https://registry.npm.taobao.org/safe-buffer/download/safe-buffer-5.2.1.tgz#1eaf9fa9bdb1fdd4ec75f58f9cdb4e6b7827eec6"
    integrity sha1-Hq+fqb2x/dTsdfWPnNtOa3gn7sY=
  
  "safer-buffer@>= 2.1.2 < 3":
    version "2.1.2"
    resolved "https://registry.nlark.com/safer-buffer/download/safer-buffer-2.1.2.tgz#44fa161b0187b9549dd84bb91802f9bd8385cd6a"
    integrity sha1-RPoWGwGHuVSd2Eu5GAL5vYOFzWo=
  
  saslprep@^1.0.0:
    version "1.0.3"
    resolved "https://registry.npm.taobao.org/saslprep/download/saslprep-1.0.3.tgz#4c02f946b56cf54297e347ba1093e7acac4cf226"
    integrity sha1-TAL5RrVs9UKX40e6EJPnrKxM8iY=
    dependencies:
      sparse-bitfield "^3.0.3"
  
  semver@^5.6.0:
    version "5.7.1"
    resolved "https://registry.npm.taobao.org/semver/download/semver-5.7.1.tgz#a954f931aeba508d307bbf069eff0c01c96116f7"
    integrity sha1-qVT5Ma66UI0we78Gnv8MAclhFvc=
  
  send@0.17.1:
    version "0.17.1"
    resolved "https://registry.npm.taobao.org/send/download/send-0.17.1.tgz#c1d8b059f7900f7466dd4938bdc44e11ddb376c8"
    integrity sha1-wdiwWfeQD3Rm3Uk4vcROEd2zdsg=
    dependencies:
      debug "2.6.9"
      depd "~1.1.2"
      destroy "~1.0.4"
      encodeurl "~1.0.2"
      escape-html "~1.0.3"
      etag "~1.8.1"
      fresh "0.5.2"
      http-errors "~1.7.2"
      mime "1.6.0"
      ms "2.1.1"
      on-finished "~2.3.0"
      range-parser "~1.2.1"
      statuses "~1.5.0"
  
  serve-static@1.14.1:
    version "1.14.1"
    resolved "https://registry.npm.taobao.org/serve-static/download/serve-static-1.14.1.tgz#666e636dc4f010f7ef29970a88a674320898b2f9"
    integrity sha1-Zm5jbcTwEPfvKZcKiKZ0MgiYsvk=
    dependencies:
      encodeurl "~1.0.2"
      escape-html "~1.0.3"
      parseurl "~1.3.3"
      send "0.17.1"
  
  setprototypeof@1.1.0:
    version "1.1.0"
    resolved "https://registry.npm.taobao.org/setprototypeof/download/setprototypeof-1.1.0.tgz#d0bd85536887b6fe7c0d818cb962d9d91c54e656"
    integrity sha1-0L2FU2iHtv58DYGMuWLZ2RxU5lY=
  
  setprototypeof@1.1.1:
    version "1.1.1"
    resolved "https://registry.npm.taobao.org/setprototypeof/download/setprototypeof-1.1.1.tgz#7e95acb24aa92f5885e0abef5ba131330d4ae683"
    integrity sha1-fpWsskqpL1iF4KvvW6ExMw1K5oM=
  
  setprototypeof@1.2.0:
    version "1.2.0"
    resolved "https://registry.npm.taobao.org/setprototypeof/download/setprototypeof-1.2.0.tgz#66c9a24a73f9fc28cbe66b09fed3d33dcaf1b424"
    integrity sha1-ZsmiSnP5/CjL5msJ/tPTPcrxtCQ=
  
  side-channel@^1.0.4:
    version "1.0.4"
    resolved "https://registry.npm.taobao.org/side-channel/download/side-channel-1.0.4.tgz#efce5c8fdc104ee751b25c58d4290011fa5ea2cf"
    integrity sha1-785cj9wQTudRslxY1CkAEfpeos8=
    dependencies:
      call-bind "^1.0.0"
      get-intrinsic "^1.0.2"
      object-inspect "^1.9.0"
  
  sift@13.5.2:
    version "13.5.2"
    resolved "https://registry.nlark.com/sift/download/sift-13.5.2.tgz#24a715e13c617b086166cd04917d204a591c9da6"
    integrity sha1-JKcV4TxhewhhZs0EkX0gSlkcnaY=
  
  sliced@1.0.1:
    version "1.0.1"
    resolved "https://registry.npm.taobao.org/sliced/download/sliced-1.0.1.tgz#0b3a662b5d04c3177b1926bea82b03f837a2ef41"
    integrity sha1-CzpmK10Ewxd7GSa+qCsD+Dei70E=
  
  socket.io-adapter@~2.2.0:
    version "2.2.0"
    resolved "https://registry.npm.taobao.org/socket.io-adapter/download/socket.io-adapter-2.2.0.tgz?cache=0&sync_timestamp=1614388238934&other_urls=https%3A%2F%2Fregistry.npm.taobao.org%2Fsocket.io-adapter%2Fdownload%2Fsocket.io-adapter-2.2.0.tgz#43af9157c4609e74b8addc6867873ac7eb48fda2"
    integrity sha1-Q6+RV8RgnnS4rdxoZ4c6x+tI/aI=
  
  socket.io-parser@~4.0.3:
    version "4.0.4"
    resolved "https://registry.npm.taobao.org/socket.io-parser/download/socket.io-parser-4.0.4.tgz#9ea21b0d61508d18196ef04a2c6b9ab630f4c2b0"
    integrity sha1-nqIbDWFQjRgZbvBKLGuatjD0wrA=
    dependencies:
      "@types/component-emitter" "^1.2.10"
      component-emitter "~1.3.0"
      debug "~4.3.1"
  
  socket.io@^4.0.1:
    version "4.0.1"
    resolved "https://registry.npm.taobao.org/socket.io/download/socket.io-4.0.1.tgz#d2e01cf3780d810b66182b3fbef08a04a4ccf924"
    integrity sha1-0uAc83gNgQtmGCs/vvCKBKTM+SQ=
    dependencies:
      "@types/cookie" "^0.4.0"
      "@types/cors" "^2.8.8"
      "@types/node" ">=10.0.0"
      accepts "~1.3.4"
      base64id "~2.0.0"
      debug "~4.3.1"
      engine.io "~5.0.0"
      socket.io-adapter "~2.2.0"
      socket.io-parser "~4.0.3"
  
  sparse-bitfield@^3.0.3:
    version "3.0.3"
    resolved "https://registry.npm.taobao.org/sparse-bitfield/download/sparse-bitfield-3.0.3.tgz#ff4ae6e68656056ba4b3e792ab3334d38273ca11"
    integrity sha1-/0rm5oZWBWuks+eSqzM004JzyhE=
    dependencies:
      memory-pager "^1.0.2"
  
  standard-as-callback@^2.1.0:
    version "2.1.0"
    resolved "https://registry.npm.taobao.org/standard-as-callback/download/standard-as-callback-2.1.0.tgz#8953fc05359868a77b5b9739a665c5977bb7df45"
    integrity sha1-iVP8BTWYaKd7W5c5pmXFl3u330U=
  
  "statuses@>= 1.4.0 < 2", "statuses@>= 1.5.0 < 2", statuses@^1.5.0, statuses@~1.5.0:
    version "1.5.0"
    resolved "https://registry.npm.taobao.org/statuses/download/statuses-1.5.0.tgz#161c7dac177659fd9811f43771fa99381478628c"
    integrity sha1-Fhx9rBd2Wf2YEfQ3cfqZOBR4Yow=
  
  string_decoder@~1.1.1:
    version "1.1.1"
    resolved "https://registry.npm.taobao.org/string_decoder/download/string_decoder-1.1.1.tgz#9cf1611ba62685d7030ae9e4ba34149c3af03fc8"
    integrity sha1-nPFhG6YmhdcDCunkujQUnDrwP8g=
    dependencies:
      safe-buffer "~5.1.0"
  
  toidentifier@1.0.0:
    version "1.0.0"
    resolved "https://registry.npm.taobao.org/toidentifier/download/toidentifier-1.0.0.tgz#7e1be3470f1e77948bc43d94a3c8f4d7752ba553"
    integrity sha1-fhvjRw8ed5SLxD2Uo8j013UrpVM=
  
  tsscmp@1.0.6:
    version "1.0.6"
    resolved "https://registry.npm.taobao.org/tsscmp/download/tsscmp-1.0.6.tgz#85b99583ac3589ec4bfef825b5000aa911d605eb"
    integrity sha1-hbmVg6w1iexL/vgltQAKqRHWBes=
  
  type-fest@^0.3.0:
    version "0.3.1"
    resolved "https://registry.nlark.com/type-fest/download/type-fest-0.3.1.tgz#63d00d204e059474fe5e1b7c011112bbd1dc29e1"
    integrity sha1-Y9ANIE4FlHT+Xht8ARESu9HcKeE=
  
  type-is@^1.6.16, type-is@~1.6.17, type-is@~1.6.18:
    version "1.6.18"
    resolved "https://registry.npm.taobao.org/type-is/download/type-is-1.6.18.tgz#4e552cd05df09467dcbc4ef739de89f2cf37c131"
    integrity sha1-TlUs0F3wlGfcvE73Od6J8s83wTE=
    dependencies:
      media-typer "0.3.0"
      mime-types "~2.1.24"
  
  unpipe@1.0.0, unpipe@~1.0.0:
    version "1.0.0"
    resolved "https://registry.npm.taobao.org/unpipe/download/unpipe-1.0.0.tgz#b2bf4ee8514aae6165b4817829d21b2ef49904ec"
    integrity sha1-sr9O6FFKrmFltIF4KdIbLvSZBOw=
  
  util-deprecate@~1.0.1:
    version "1.0.2"
    resolved "https://registry.npm.taobao.org/util-deprecate/download/util-deprecate-1.0.2.tgz#450d4dc9fa70de732762fbd2d4a28981419a0ccf"
    integrity sha1-RQ1Nyfpw3nMnYvvS1KKJgUGaDM8=
  
  utils-merge@1.0.1:
    version "1.0.1"
    resolved "https://registry.npm.taobao.org/utils-merge/download/utils-merge-1.0.1.tgz#9f95710f50a267947b2ccc124741c1028427e713"
    integrity sha1-n5VxD1CiZ5R7LMwSR0HBAoQn5xM=
  
  uuid@^3.3.2:
    version "3.4.0"
    resolved "https://registry.npm.taobao.org/uuid/download/uuid-3.4.0.tgz#b23e4358afa8a202fe7a100af1f5f883f02007ee"
    integrity sha1-sj5DWK+oogL+ehAK8fX4g/AgB+4=
  
  vary@^1, vary@^1.1.2, vary@~1.1.2:
    version "1.1.2"
    resolved "https://registry.npm.taobao.org/vary/download/vary-1.1.2.tgz#2299f02c6ded30d4a5961b0b9f74524a18f634fc"
    integrity sha1-IpnwLG3tMNSllhsLn3RSShj2NPw=
  
  ws@~7.4.2:
    version "7.4.5"
    resolved "https://registry.npm.taobao.org/ws/download/ws-7.4.5.tgz#a484dd851e9beb6fdb420027e3885e8ce48986c1"
    integrity sha1-pITdhR6b62/bQgAn44hejOSJhsE=
  
  ylru@^1.2.0:
    version "1.2.1"
    resolved "https://registry.npm.taobao.org/ylru/download/ylru-1.2.1.tgz#f576b63341547989c1de7ba288760923b27fe84f"
    integrity sha1-9Xa2M0FUeYnB3nuiiHYJI7J/6E8=
